===2019-10-15 10:04:02.411 INFO  com.thingjs.soho.SoHoApplication Line:50  - Starting SoHoApplication on DESKTOP-LRSMUS4 with PID 5848 (E:\myProjects\springboot-learn\aop\target\classes started by uinnova in E:\myProjects\springboot-learn\aop)
===2019-10-15 10:04:02.416 INFO  com.thingjs.soho.SoHoApplication Line:650 - The following profiles are active: dev
===2019-10-15 10:04:04.359 INFO  org.springframework.data.repository.config.RepositoryConfigurationDelegate Line:126 - Bootstrapping Spring Data repositories in DEFAULT mode.
===2019-10-15 10:04:04.388 INFO  org.springframework.data.repository.config.RepositoryConfigurationDelegate Line:182 - Finished Spring Data repository scanning in 15ms. Found 0 repository interfaces.
===2019-10-15 10:04:05.134 INFO  org.springframework.context.support.PostProcessorRegistrationDelegate$BeanPostProcessorChecker Line:330 - Bean 'org.springframework.transaction.annotation.ProxyTransactionManagementConfiguration' of type [org.springframework.transaction.annotation.ProxyTransactionManagementConfiguration$$EnhancerBySpringCGLIB$$454ee577] is not eligible for getting processed by all BeanPostProcessors (for example: not eligible for auto-proxying)
===2019-10-15 10:04:05.347 INFO  org.springframework.context.support.PostProcessorRegistrationDelegate$BeanPostProcessorChecker Line:330 - Bean 'org.springframework.hateoas.config.HateoasConfiguration' of type [org.springframework.hateoas.config.HateoasConfiguration$$EnhancerBySpringCGLIB$$c4cf32a9] is not eligible for getting processed by all BeanPostProcessors (for example: not eligible for auto-proxying)
===2019-10-15 10:04:05.881 INFO  org.springframework.boot.web.embedded.tomcat.TomcatWebServer Line:90  - Tomcat initialized with port(s): 8080 (http)
===2019-10-15 10:04:05.904 INFO  org.apache.coyote.http11.Http11NioProtocol Line:173 - Initializing ProtocolHandler ["http-nio-8080"]
===2019-10-15 10:04:05.921 INFO  org.apache.catalina.core.StandardService Line:173 - Starting service [Tomcat]
===2019-10-15 10:04:05.921 INFO  org.apache.catalina.core.StandardEngine Line:173 - Starting Servlet engine: [Apache Tomcat/9.0.21]
===2019-10-15 10:04:06.113 INFO  org.apache.catalina.core.ContainerBase.[Tomcat].[localhost].[/] Line:173 - Initializing Spring embedded WebApplicationContext
===2019-10-15 10:04:06.114 INFO  org.springframework.web.context.ContextLoader Line:283 - Root WebApplicationContext: initialization completed in 3630 ms
===2019-10-15 10:04:06.284 INFO  com.alibaba.druid.spring.boot.autoconfigure.DruidDataSourceAutoConfigure Line:56  - Init DruidDataSource
===2019-10-15 10:04:06.662 INFO  com.alibaba.druid.pool.DruidDataSource Line:928 - {dataSource-1} inited
===2019-10-15 10:04:07.471 INFO  org.hibernate.Version Line:46  - HHH000412: Hibernate Core {5.3.10.Final}
===2019-10-15 10:04:07.474 INFO  org.hibernate.cfg.Environment Line:213 - HHH000206: hibernate.properties not found
===2019-10-15 10:04:07.739 INFO  org.hibernate.annotations.common.Version Line:49  - HCANN000001: Hibernate Commons Annotations {5.0.4.Final}
===2019-10-15 10:04:08.036 INFO  org.hibernate.dialect.Dialect Line:157 - HHH000400: Using dialect: org.hibernate.dialect.MySQL5Dialect
===2019-10-15 10:04:08.381 INFO  org.springframework.orm.jpa.LocalContainerEntityManagerFactoryBean Line:415 - Initialized JPA EntityManagerFactory for persistence unit 'default'
===2019-10-15 10:04:10.242 INFO  org.springframework.scheduling.concurrent.ThreadPoolTaskExecutor Line:171 - Initializing ExecutorService 'applicationTaskExecutor'
===2019-10-15 10:04:11.289 INFO  springfox.documentation.spring.web.plugins.DocumentationPluginsBootstrapper Line:80  - Context refreshed
===2019-10-15 10:04:11.308 INFO  springfox.documentation.spring.web.plugins.DocumentationPluginsBootstrapper Line:83  - Found {0} custom documentation plugin(s)
===2019-10-15 10:04:11.319 INFO  springfox.documentation.spring.web.scanners.ApiListingReferenceScanner Line:53  - Scanning for api listing references
===2019-10-15 10:04:11.332 INFO  springfox.documentation.swagger.web.ClassOrApiAnnotationResourceGrouping Line:100 - Group for method bindDeviceToModel was device-controller
===2019-10-15 10:04:11.334 INFO  springfox.documentation.spring.web.scanners.ApiListingReferenceScanner Line:72  - Request mapping: bindDeviceToModel belongs to groups: [[ResourceGroup{groupName='device-controller', position=0, controller=com.thingjs.soho.device.controller.DeviceController}]] 
===2019-10-15 10:04:11.335 INFO  springfox.documentation.swagger.web.ClassOrApiAnnotationResourceGrouping Line:100 - Group for method findDeviceByType was device-controller
===2019-10-15 10:04:11.336 INFO  springfox.documentation.spring.web.scanners.ApiListingReferenceScanner Line:72  - Request mapping: findDeviceByType belongs to groups: [[ResourceGroup{groupName='device-controller', position=0, controller=com.thingjs.soho.device.controller.DeviceController}]] 
===2019-10-15 10:04:11.336 INFO  springfox.documentation.swagger.web.ClassOrApiAnnotationResourceGrouping Line:100 - Group for method findDeviceDetailByModelId was device-controller
===2019-10-15 10:04:11.336 INFO  springfox.documentation.spring.web.scanners.ApiListingReferenceScanner Line:72  - Request mapping: findDeviceDetailByModelId belongs to groups: [[ResourceGroup{groupName='device-controller', position=0, controller=com.thingjs.soho.device.controller.DeviceController}]] 
===2019-10-15 10:04:11.336 INFO  springfox.documentation.swagger.web.ClassOrApiAnnotationResourceGrouping Line:100 - Group for method logError was device-controller
===2019-10-15 10:04:11.336 INFO  springfox.documentation.spring.web.scanners.ApiListingReferenceScanner Line:72  - Request mapping: logError belongs to groups: [[ResourceGroup{groupName='device-controller', position=0, controller=com.thingjs.soho.device.controller.DeviceController}]] 
===2019-10-15 10:04:11.340 INFO  springfox.documentation.spring.web.scanners.ApiListingReferenceScanner Line:84  - Created resource listing Path: /default/device-controller Description: device-controller Position: 0
===2019-10-15 10:04:11.383 INFO  springfox.documentation.schema.ModelContextKeyGenerator Line:46  - Cache Key Generated: com.thingjs.soho.common.Result(true)
===2019-10-15 10:04:11.384 INFO  springfox.documentation.spring.web.caching.CachingAspect Line:79  - Caching aspect applied for cache models with key com.thingjs.soho.common.Result(true)
===2019-10-15 10:04:11.393 INFO  springfox.documentation.schema.property.ModelPropertiesKeyGenerator Line:48  - Cache key generated: com.thingjs.soho.common.Result(true)
===2019-10-15 10:04:11.394 INFO  springfox.documentation.spring.web.caching.CachingAspect Line:68  - Caching aspect applied for cache modelProperties with key com.thingjs.soho.common.Result(true)
===2019-10-15 10:04:11.458 INFO  springfox.documentation.schema.ModelContextKeyGenerator Line:46  - Cache Key Generated: com.thingjs.soho.common.Result(true)
===2019-10-15 10:04:11.458 INFO  springfox.documentation.spring.web.caching.CachingAspect Line:79  - Caching aspect applied for cache modelDependencies with key com.thingjs.soho.common.Result(true)
===2019-10-15 10:04:11.460 INFO  springfox.documentation.schema.property.ModelPropertiesKeyGenerator Line:48  - Cache key generated: com.thingjs.soho.common.Result(true)
===2019-10-15 10:04:11.461 INFO  springfox.documentation.spring.web.caching.CachingAspect Line:68  - Caching aspect applied for cache modelProperties with key com.thingjs.soho.common.Result(true)
===2019-10-15 10:04:11.464 INFO  springfox.documentation.spring.web.OperationsKeyGenerator Line:51  - Cache key generated: /api/bindDeviceToModel.com.thingjs.soho.device.controller.DeviceController.bindDeviceToModel.DefaultGenericTypeNamingStrategy
===2019-10-15 10:04:11.464 INFO  springfox.documentation.spring.web.caching.CachingAspect Line:68  - Caching aspect applied for cache operations with key /api/bindDeviceToModel.com.thingjs.soho.device.controller.DeviceController.bindDeviceToModel.DefaultGenericTypeNamingStrategy
===2019-10-15 10:04:11.481 INFO  springfox.documentation.swagger.web.ClassOrApiAnnotationResourceGrouping Line:100 - Group for method bindDeviceToModel was device-controller
===2019-10-15 10:04:11.485 INFO  springfox.documentation.swagger.web.ClassOrApiAnnotationResourceGrouping Line:100 - Group for method bindDeviceToModel was device-controller
===2019-10-15 10:04:11.492 INFO  springfox.documentation.schema.ModelContextKeyGenerator Line:46  - Cache Key Generated: com.thingjs.soho.common.Result(true)
===2019-10-15 10:04:11.492 INFO  springfox.documentation.spring.web.caching.CachingAspect Line:79  - Caching aspect applied for cache models with key com.thingjs.soho.common.Result(true)
===2019-10-15 10:04:11.492 INFO  springfox.documentation.schema.ModelContextKeyGenerator Line:46  - Cache Key Generated: com.thingjs.soho.common.Result(true)
===2019-10-15 10:04:11.492 INFO  springfox.documentation.spring.web.caching.CachingAspect Line:79  - Caching aspect applied for cache modelDependencies with key com.thingjs.soho.common.Result(true)
===2019-10-15 10:04:11.492 INFO  springfox.documentation.spring.web.OperationsKeyGenerator Line:51  - Cache key generated: /api/findDeviceByType.com.thingjs.soho.device.controller.DeviceController.findDeviceByType.DefaultGenericTypeNamingStrategy
===2019-10-15 10:04:11.493 INFO  springfox.documentation.spring.web.caching.CachingAspect Line:68  - Caching aspect applied for cache operations with key /api/findDeviceByType.com.thingjs.soho.device.controller.DeviceController.findDeviceByType.DefaultGenericTypeNamingStrategy
===2019-10-15 10:04:11.494 INFO  springfox.documentation.swagger.web.ClassOrApiAnnotationResourceGrouping Line:100 - Group for method findDeviceByType was device-controller
===2019-10-15 10:04:11.495 INFO  springfox.documentation.swagger.web.ClassOrApiAnnotationResourceGrouping Line:100 - Group for method findDeviceByType was device-controller
===2019-10-15 10:04:11.496 INFO  springfox.documentation.schema.ModelContextKeyGenerator Line:46  - Cache Key Generated: com.thingjs.soho.common.Result(true)
===2019-10-15 10:04:11.496 INFO  springfox.documentation.spring.web.caching.CachingAspect Line:79  - Caching aspect applied for cache models with key com.thingjs.soho.common.Result(true)
===2019-10-15 10:04:11.496 INFO  springfox.documentation.schema.ModelContextKeyGenerator Line:46  - Cache Key Generated: com.thingjs.soho.common.Result(true)
===2019-10-15 10:04:11.497 INFO  springfox.documentation.spring.web.caching.CachingAspect Line:79  - Caching aspect applied for cache modelDependencies with key com.thingjs.soho.common.Result(true)
===2019-10-15 10:04:11.497 INFO  springfox.documentation.spring.web.OperationsKeyGenerator Line:51  - Cache key generated: /api/findDeviceDetailById.com.thingjs.soho.device.controller.DeviceController.findDeviceDetailByModelId.DefaultGenericTypeNamingStrategy
===2019-10-15 10:04:11.497 INFO  springfox.documentation.spring.web.caching.CachingAspect Line:68  - Caching aspect applied for cache operations with key /api/findDeviceDetailById.com.thingjs.soho.device.controller.DeviceController.findDeviceDetailByModelId.DefaultGenericTypeNamingStrategy
===2019-10-15 10:04:11.498 INFO  springfox.documentation.swagger.web.ClassOrApiAnnotationResourceGrouping Line:100 - Group for method findDeviceDetailByModelId was device-controller
===2019-10-15 10:04:11.499 INFO  springfox.documentation.swagger.web.ClassOrApiAnnotationResourceGrouping Line:100 - Group for method findDeviceDetailByModelId was device-controller
===2019-10-15 10:04:11.500 INFO  springfox.documentation.schema.ModelContextKeyGenerator Line:46  - Cache Key Generated: com.thingjs.soho.common.Result(true)
===2019-10-15 10:04:11.500 INFO  springfox.documentation.spring.web.caching.CachingAspect Line:79  - Caching aspect applied for cache models with key com.thingjs.soho.common.Result(true)
===2019-10-15 10:04:11.500 INFO  springfox.documentation.schema.ModelContextKeyGenerator Line:46  - Cache Key Generated: com.thingjs.soho.common.Result(true)
===2019-10-15 10:04:11.500 INFO  springfox.documentation.spring.web.caching.CachingAspect Line:79  - Caching aspect applied for cache modelDependencies with key com.thingjs.soho.common.Result(true)
===2019-10-15 10:04:11.501 INFO  springfox.documentation.spring.web.OperationsKeyGenerator Line:51  - Cache key generated: /api/logError.com.thingjs.soho.device.controller.DeviceController.logError.DefaultGenericTypeNamingStrategy
===2019-10-15 10:04:11.501 INFO  springfox.documentation.spring.web.caching.CachingAspect Line:68  - Caching aspect applied for cache operations with key /api/logError.com.thingjs.soho.device.controller.DeviceController.logError.DefaultGenericTypeNamingStrategy
===2019-10-15 10:04:11.501 INFO  springfox.documentation.swagger.web.ClassOrApiAnnotationResourceGrouping Line:100 - Group for method logError was device-controller
===2019-10-15 10:04:11.502 INFO  springfox.documentation.swagger.web.ClassOrApiAnnotationResourceGrouping Line:100 - Group for method logError was device-controller
===2019-10-15 10:04:11.539 INFO  org.apache.coyote.http11.Http11NioProtocol Line:173 - Starting ProtocolHandler ["http-nio-8080"]
===2019-10-15 10:04:11.581 INFO  org.springframework.boot.web.embedded.tomcat.TomcatWebServer Line:202 - Tomcat started on port(s): 8080 (http) with context path ''
===2019-10-15 10:04:11.585 INFO  com.thingjs.soho.SoHoApplication Line:59  - Started SoHoApplication in 10.289 seconds (JVM running for 12.886)
===2019-10-15 10:04:43.839 INFO  org.apache.catalina.core.ContainerBase.[Tomcat].[localhost].[/] Line:173 - Initializing Spring DispatcherServlet 'dispatcherServlet'
===2019-10-15 10:04:43.839 INFO  org.springframework.web.servlet.DispatcherServlet Line:524 - Initializing Servlet 'dispatcherServlet'
===2019-10-15 10:04:43.851 INFO  org.springframework.web.servlet.DispatcherServlet Line:546 - Completed initialization in 11 ms
===2019-10-15 10:04:44.025 INFO  com.thingjs.soho.config.WebLogAcpect Line:44  - URL : http://localhost:8080/api/findDeviceDetailById
===2019-10-15 10:04:44.026 INFO  com.thingjs.soho.config.WebLogAcpect Line:45  - HTTP_METHOD : GET
===2019-10-15 10:04:44.026 INFO  com.thingjs.soho.config.WebLogAcpect Line:46  - IP : 0:0:0:0:0:0:0:1
===2019-10-15 10:04:44.026 INFO  com.thingjs.soho.config.WebLogAcpect Line:47  - CLASS_METHOD : com.thingjs.soho.device.controller.DeviceController.findDeviceDetailByModelId
===2019-10-15 10:04:44.026 INFO  com.thingjs.soho.config.WebLogAcpect Line:48  - ARGS : [28929]
===2019-10-15 10:04:44.290 INFO  com.thingjs.soho.config.WebLogAcpect Line:54  - RESPONSE : Result(code=-1, msg=该设备不存在, data=null)
===2019-10-15 10:23:20.761 INFO  org.springframework.scheduling.concurrent.ThreadPoolTaskExecutor Line:208 - Shutting down ExecutorService 'applicationTaskExecutor'
===2019-10-15 10:23:20.764 INFO  org.springframework.orm.jpa.LocalContainerEntityManagerFactoryBean Line:597 - Closing JPA EntityManagerFactory for persistence unit 'default'
===2019-10-15 10:23:20.771 INFO  com.alibaba.druid.pool.DruidDataSource Line:1823 - {dataSource-1} closed
===2019-10-15 10:23:32.630 INFO  com.thingjs.soho.SoHoApplication Line:50  - Starting SoHoApplication on DESKTOP-LRSMUS4 with PID 5356 (E:\myProjects\springboot-learn\aop\target\classes started by uinnova in E:\myProjects\springboot-learn\aop)
===2019-10-15 10:23:32.631 INFO  com.thingjs.soho.SoHoApplication Line:650 - The following profiles are active: dev
===2019-10-15 10:23:33.794 INFO  org.springframework.data.repository.config.RepositoryConfigurationDelegate Line:126 - Bootstrapping Spring Data repositories in DEFAULT mode.
===2019-10-15 10:23:33.825 INFO  org.springframework.data.repository.config.RepositoryConfigurationDelegate Line:182 - Finished Spring Data repository scanning in 16ms. Found 0 repository interfaces.
===2019-10-15 10:23:34.303 INFO  org.springframework.context.support.PostProcessorRegistrationDelegate$BeanPostProcessorChecker Line:330 - Bean 'org.springframework.transaction.annotation.ProxyTransactionManagementConfiguration' of type [org.springframework.transaction.annotation.ProxyTransactionManagementConfiguration$$EnhancerBySpringCGLIB$$e6386204] is not eligible for getting processed by all BeanPostProcessors (for example: not eligible for auto-proxying)
===2019-10-15 10:23:34.468 INFO  org.springframework.context.support.PostProcessorRegistrationDelegate$BeanPostProcessorChecker Line:330 - Bean 'org.springframework.hateoas.config.HateoasConfiguration' of type [org.springframework.hateoas.config.HateoasConfiguration$$EnhancerBySpringCGLIB$$65b8af36] is not eligible for getting processed by all BeanPostProcessors (for example: not eligible for auto-proxying)
===2019-10-15 10:23:34.881 INFO  org.springframework.boot.web.embedded.tomcat.TomcatWebServer Line:90  - Tomcat initialized with port(s): 8080 (http)
===2019-10-15 10:23:34.904 INFO  org.apache.coyote.http11.Http11NioProtocol Line:173 - Initializing ProtocolHandler ["http-nio-8080"]
===2019-10-15 10:23:34.914 INFO  org.apache.catalina.core.StandardService Line:173 - Starting service [Tomcat]
===2019-10-15 10:23:34.914 INFO  org.apache.catalina.core.StandardEngine Line:173 - Starting Servlet engine: [Apache Tomcat/9.0.21]
===2019-10-15 10:23:35.084 INFO  org.apache.catalina.core.ContainerBase.[Tomcat].[localhost].[/] Line:173 - Initializing Spring embedded WebApplicationContext
===2019-10-15 10:23:35.085 INFO  org.springframework.web.context.ContextLoader Line:283 - Root WebApplicationContext: initialization completed in 2404 ms
===2019-10-15 10:23:35.220 INFO  com.alibaba.druid.spring.boot.autoconfigure.DruidDataSourceAutoConfigure Line:56  - Init DruidDataSource
===2019-10-15 10:23:35.562 INFO  com.alibaba.druid.pool.DruidDataSource Line:928 - {dataSource-1} inited
===2019-10-15 10:23:36.025 INFO  org.hibernate.Version Line:46  - HHH000412: Hibernate Core {5.3.10.Final}
===2019-10-15 10:23:36.027 INFO  org.hibernate.cfg.Environment Line:213 - HHH000206: hibernate.properties not found
===2019-10-15 10:23:36.316 INFO  org.hibernate.annotations.common.Version Line:49  - HCANN000001: Hibernate Commons Annotations {5.0.4.Final}
===2019-10-15 10:23:36.565 INFO  org.hibernate.dialect.Dialect Line:157 - HHH000400: Using dialect: org.hibernate.dialect.MySQL5Dialect
===2019-10-15 10:23:36.856 INFO  org.springframework.orm.jpa.LocalContainerEntityManagerFactoryBean Line:415 - Initialized JPA EntityManagerFactory for persistence unit 'default'
===2019-10-15 10:23:38.135 INFO  org.springframework.scheduling.concurrent.ThreadPoolTaskExecutor Line:171 - Initializing ExecutorService 'applicationTaskExecutor'
===2019-10-15 10:23:39.052 INFO  springfox.documentation.spring.web.plugins.DocumentationPluginsBootstrapper Line:80  - Context refreshed
===2019-10-15 10:23:39.072 INFO  springfox.documentation.spring.web.plugins.DocumentationPluginsBootstrapper Line:83  - Found {0} custom documentation plugin(s)
===2019-10-15 10:23:39.106 INFO  springfox.documentation.spring.web.scanners.ApiListingReferenceScanner Line:53  - Scanning for api listing references
===2019-10-15 10:23:39.120 INFO  springfox.documentation.swagger.web.ClassOrApiAnnotationResourceGrouping Line:100 - Group for method bindDeviceToModel was device-controller
===2019-10-15 10:23:39.123 INFO  springfox.documentation.spring.web.scanners.ApiListingReferenceScanner Line:72  - Request mapping: bindDeviceToModel belongs to groups: [[ResourceGroup{groupName='device-controller', position=0, controller=com.thingjs.soho.device.controller.DeviceController}]] 
===2019-10-15 10:23:39.124 INFO  springfox.documentation.swagger.web.ClassOrApiAnnotationResourceGrouping Line:100 - Group for method findDeviceByType was device-controller
===2019-10-15 10:23:39.125 INFO  springfox.documentation.spring.web.scanners.ApiListingReferenceScanner Line:72  - Request mapping: findDeviceByType belongs to groups: [[ResourceGroup{groupName='device-controller', position=0, controller=com.thingjs.soho.device.controller.DeviceController}]] 
===2019-10-15 10:23:39.125 INFO  springfox.documentation.swagger.web.ClassOrApiAnnotationResourceGrouping Line:100 - Group for method findDeviceDetailByModelId was device-controller
===2019-10-15 10:23:39.125 INFO  springfox.documentation.spring.web.scanners.ApiListingReferenceScanner Line:72  - Request mapping: findDeviceDetailByModelId belongs to groups: [[ResourceGroup{groupName='device-controller', position=0, controller=com.thingjs.soho.device.controller.DeviceController}]] 
===2019-10-15 10:23:39.126 INFO  springfox.documentation.swagger.web.ClassOrApiAnnotationResourceGrouping Line:100 - Group for method logError was device-controller
===2019-10-15 10:23:39.126 INFO  springfox.documentation.spring.web.scanners.ApiListingReferenceScanner Line:72  - Request mapping: logError belongs to groups: [[ResourceGroup{groupName='device-controller', position=0, controller=com.thingjs.soho.device.controller.DeviceController}]] 
===2019-10-15 10:23:39.130 INFO  springfox.documentation.spring.web.scanners.ApiListingReferenceScanner Line:84  - Created resource listing Path: /default/device-controller Description: device-controller Position: 0
===2019-10-15 10:23:39.174 INFO  springfox.documentation.schema.ModelContextKeyGenerator Line:46  - Cache Key Generated: com.thingjs.soho.common.Result(true)
===2019-10-15 10:23:39.174 INFO  springfox.documentation.spring.web.caching.CachingAspect Line:79  - Caching aspect applied for cache models with key com.thingjs.soho.common.Result(true)
===2019-10-15 10:23:39.180 INFO  springfox.documentation.schema.property.ModelPropertiesKeyGenerator Line:48  - Cache key generated: com.thingjs.soho.common.Result(true)
===2019-10-15 10:23:39.180 INFO  springfox.documentation.spring.web.caching.CachingAspect Line:68  - Caching aspect applied for cache modelProperties with key com.thingjs.soho.common.Result(true)
===2019-10-15 10:23:39.223 INFO  springfox.documentation.schema.ModelContextKeyGenerator Line:46  - Cache Key Generated: com.thingjs.soho.common.Result(true)
===2019-10-15 10:23:39.223 INFO  springfox.documentation.spring.web.caching.CachingAspect Line:79  - Caching aspect applied for cache modelDependencies with key com.thingjs.soho.common.Result(true)
===2019-10-15 10:23:39.225 INFO  springfox.documentation.schema.property.ModelPropertiesKeyGenerator Line:48  - Cache key generated: com.thingjs.soho.common.Result(true)
===2019-10-15 10:23:39.225 INFO  springfox.documentation.spring.web.caching.CachingAspect Line:68  - Caching aspect applied for cache modelProperties with key com.thingjs.soho.common.Result(true)
===2019-10-15 10:23:39.228 INFO  springfox.documentation.spring.web.OperationsKeyGenerator Line:51  - Cache key generated: /api/bindDeviceToModel.com.thingjs.soho.device.controller.DeviceController.bindDeviceToModel.DefaultGenericTypeNamingStrategy
===2019-10-15 10:23:39.228 INFO  springfox.documentation.spring.web.caching.CachingAspect Line:68  - Caching aspect applied for cache operations with key /api/bindDeviceToModel.com.thingjs.soho.device.controller.DeviceController.bindDeviceToModel.DefaultGenericTypeNamingStrategy
===2019-10-15 10:23:39.243 INFO  springfox.documentation.swagger.web.ClassOrApiAnnotationResourceGrouping Line:100 - Group for method bindDeviceToModel was device-controller
===2019-10-15 10:23:39.246 INFO  springfox.documentation.swagger.web.ClassOrApiAnnotationResourceGrouping Line:100 - Group for method bindDeviceToModel was device-controller
===2019-10-15 10:23:39.252 INFO  springfox.documentation.schema.ModelContextKeyGenerator Line:46  - Cache Key Generated: com.thingjs.soho.common.Result(true)
===2019-10-15 10:23:39.252 INFO  springfox.documentation.spring.web.caching.CachingAspect Line:79  - Caching aspect applied for cache models with key com.thingjs.soho.common.Result(true)
===2019-10-15 10:23:39.252 INFO  springfox.documentation.schema.ModelContextKeyGenerator Line:46  - Cache Key Generated: com.thingjs.soho.common.Result(true)
===2019-10-15 10:23:39.253 INFO  springfox.documentation.spring.web.caching.CachingAspect Line:79  - Caching aspect applied for cache modelDependencies with key com.thingjs.soho.common.Result(true)
===2019-10-15 10:23:39.253 INFO  springfox.documentation.spring.web.OperationsKeyGenerator Line:51  - Cache key generated: /api/findDeviceByType.com.thingjs.soho.device.controller.DeviceController.findDeviceByType.DefaultGenericTypeNamingStrategy
===2019-10-15 10:23:39.253 INFO  springfox.documentation.spring.web.caching.CachingAspect Line:68  - Caching aspect applied for cache operations with key /api/findDeviceByType.com.thingjs.soho.device.controller.DeviceController.findDeviceByType.DefaultGenericTypeNamingStrategy
===2019-10-15 10:23:39.254 INFO  springfox.documentation.swagger.web.ClassOrApiAnnotationResourceGrouping Line:100 - Group for method findDeviceByType was device-controller
===2019-10-15 10:23:39.255 INFO  springfox.documentation.swagger.web.ClassOrApiAnnotationResourceGrouping Line:100 - Group for method findDeviceByType was device-controller
===2019-10-15 10:23:39.256 INFO  springfox.documentation.schema.ModelContextKeyGenerator Line:46  - Cache Key Generated: com.thingjs.soho.common.Result(true)
===2019-10-15 10:23:39.256 INFO  springfox.documentation.spring.web.caching.CachingAspect Line:79  - Caching aspect applied for cache models with key com.thingjs.soho.common.Result(true)
===2019-10-15 10:23:39.256 INFO  springfox.documentation.schema.ModelContextKeyGenerator Line:46  - Cache Key Generated: com.thingjs.soho.common.Result(true)
===2019-10-15 10:23:39.257 INFO  springfox.documentation.spring.web.caching.CachingAspect Line:79  - Caching aspect applied for cache modelDependencies with key com.thingjs.soho.common.Result(true)
===2019-10-15 10:23:39.257 INFO  springfox.documentation.spring.web.OperationsKeyGenerator Line:51  - Cache key generated: /api/findDeviceDetailById.com.thingjs.soho.device.controller.DeviceController.findDeviceDetailByModelId.DefaultGenericTypeNamingStrategy
===2019-10-15 10:23:39.257 INFO  springfox.documentation.spring.web.caching.CachingAspect Line:68  - Caching aspect applied for cache operations with key /api/findDeviceDetailById.com.thingjs.soho.device.controller.DeviceController.findDeviceDetailByModelId.DefaultGenericTypeNamingStrategy
===2019-10-15 10:23:39.258 INFO  springfox.documentation.swagger.web.ClassOrApiAnnotationResourceGrouping Line:100 - Group for method findDeviceDetailByModelId was device-controller
===2019-10-15 10:23:39.259 INFO  springfox.documentation.swagger.web.ClassOrApiAnnotationResourceGrouping Line:100 - Group for method findDeviceDetailByModelId was device-controller
===2019-10-15 10:23:39.260 INFO  springfox.documentation.schema.ModelContextKeyGenerator Line:46  - Cache Key Generated: com.thingjs.soho.common.Result(true)
===2019-10-15 10:23:39.260 INFO  springfox.documentation.spring.web.caching.CachingAspect Line:79  - Caching aspect applied for cache models with key com.thingjs.soho.common.Result(true)
===2019-10-15 10:23:39.260 INFO  springfox.documentation.schema.ModelContextKeyGenerator Line:46  - Cache Key Generated: com.thingjs.soho.common.Result(true)
===2019-10-15 10:23:39.261 INFO  springfox.documentation.spring.web.caching.CachingAspect Line:79  - Caching aspect applied for cache modelDependencies with key com.thingjs.soho.common.Result(true)
===2019-10-15 10:23:39.261 INFO  springfox.documentation.spring.web.OperationsKeyGenerator Line:51  - Cache key generated: /api/logError.com.thingjs.soho.device.controller.DeviceController.logError.DefaultGenericTypeNamingStrategy
===2019-10-15 10:23:39.261 INFO  springfox.documentation.spring.web.caching.CachingAspect Line:68  - Caching aspect applied for cache operations with key /api/logError.com.thingjs.soho.device.controller.DeviceController.logError.DefaultGenericTypeNamingStrategy
===2019-10-15 10:23:39.261 INFO  springfox.documentation.swagger.web.ClassOrApiAnnotationResourceGrouping Line:100 - Group for method logError was device-controller
===2019-10-15 10:23:39.262 INFO  springfox.documentation.swagger.web.ClassOrApiAnnotationResourceGrouping Line:100 - Group for method logError was device-controller
===2019-10-15 10:23:39.291 INFO  org.apache.coyote.http11.Http11NioProtocol Line:173 - Starting ProtocolHandler ["http-nio-8080"]
===2019-10-15 10:23:39.350 INFO  org.springframework.boot.web.embedded.tomcat.TomcatWebServer Line:202 - Tomcat started on port(s): 8080 (http) with context path ''
===2019-10-15 10:23:39.354 INFO  com.thingjs.soho.SoHoApplication Line:59  - Started SoHoApplication in 7.293 seconds (JVM running for 8.491)
===2019-10-15 10:23:45.434 INFO  org.apache.catalina.core.ContainerBase.[Tomcat].[localhost].[/] Line:173 - Initializing Spring DispatcherServlet 'dispatcherServlet'
===2019-10-15 10:23:45.434 INFO  org.springframework.web.servlet.DispatcherServlet Line:524 - Initializing Servlet 'dispatcherServlet'
===2019-10-15 10:23:45.447 INFO  org.springframework.web.servlet.DispatcherServlet Line:546 - Completed initialization in 13 ms
===2019-10-15 10:23:45.601 INFO  com.thingjs.soho.config.WebLogAspect Line:45  - 前置通知
===2019-10-15 10:23:45.601 INFO  com.thingjs.soho.config.WebLogAspect Line:48  - ARGS : [28929]
===2019-10-15 10:23:45.708 INFO  com.thingjs.soho.config.WebLogAspect Line:76  - RESPONSE : Result(code=-1, msg=该设备不存在, data=null)
===2019-10-15 10:28:49.986 INFO  org.springframework.scheduling.concurrent.ThreadPoolTaskExecutor Line:208 - Shutting down ExecutorService 'applicationTaskExecutor'
===2019-10-15 10:28:49.989 INFO  org.springframework.orm.jpa.LocalContainerEntityManagerFactoryBean Line:597 - Closing JPA EntityManagerFactory for persistence unit 'default'
===2019-10-15 10:28:49.999 INFO  com.alibaba.druid.pool.DruidDataSource Line:1823 - {dataSource-1} closed
===2019-10-15 10:28:57.752 INFO  com.thingjs.soho.SoHoApplication Line:50  - Starting SoHoApplication on DESKTOP-LRSMUS4 with PID 5468 (E:\myProjects\springboot-learn\aop\target\classes started by uinnova in E:\myProjects\springboot-learn\aop)
===2019-10-15 10:28:57.752 INFO  com.thingjs.soho.SoHoApplication Line:650 - The following profiles are active: dev
===2019-10-15 10:28:58.817 INFO  org.springframework.data.repository.config.RepositoryConfigurationDelegate Line:126 - Bootstrapping Spring Data repositories in DEFAULT mode.
===2019-10-15 10:28:58.839 INFO  org.springframework.data.repository.config.RepositoryConfigurationDelegate Line:182 - Finished Spring Data repository scanning in 13ms. Found 0 repository interfaces.
===2019-10-15 10:28:59.373 INFO  org.springframework.context.support.PostProcessorRegistrationDelegate$BeanPostProcessorChecker Line:330 - Bean 'org.springframework.transaction.annotation.ProxyTransactionManagementConfiguration' of type [org.springframework.transaction.annotation.ProxyTransactionManagementConfiguration$$EnhancerBySpringCGLIB$$eab00bab] is not eligible for getting processed by all BeanPostProcessors (for example: not eligible for auto-proxying)
===2019-10-15 10:28:59.511 INFO  org.springframework.context.support.PostProcessorRegistrationDelegate$BeanPostProcessorChecker Line:330 - Bean 'org.springframework.hateoas.config.HateoasConfiguration' of type [org.springframework.hateoas.config.HateoasConfiguration$$EnhancerBySpringCGLIB$$6a3058dd] is not eligible for getting processed by all BeanPostProcessors (for example: not eligible for auto-proxying)
===2019-10-15 10:28:59.895 INFO  org.springframework.boot.web.embedded.tomcat.TomcatWebServer Line:90  - Tomcat initialized with port(s): 8080 (http)
===2019-10-15 10:28:59.916 INFO  org.apache.coyote.http11.Http11NioProtocol Line:173 - Initializing ProtocolHandler ["http-nio-8080"]
===2019-10-15 10:28:59.924 INFO  org.apache.catalina.core.StandardService Line:173 - Starting service [Tomcat]
===2019-10-15 10:28:59.924 INFO  org.apache.catalina.core.StandardEngine Line:173 - Starting Servlet engine: [Apache Tomcat/9.0.21]
===2019-10-15 10:29:00.091 INFO  org.apache.catalina.core.ContainerBase.[Tomcat].[localhost].[/] Line:173 - Initializing Spring embedded WebApplicationContext
===2019-10-15 10:29:00.092 INFO  org.springframework.web.context.ContextLoader Line:283 - Root WebApplicationContext: initialization completed in 2292 ms
===2019-10-15 10:29:00.219 INFO  com.alibaba.druid.spring.boot.autoconfigure.DruidDataSourceAutoConfigure Line:56  - Init DruidDataSource
===2019-10-15 10:29:00.528 INFO  com.alibaba.druid.pool.DruidDataSource Line:928 - {dataSource-1} inited
===2019-10-15 10:29:00.894 INFO  org.hibernate.Version Line:46  - HHH000412: Hibernate Core {5.3.10.Final}
===2019-10-15 10:29:00.896 INFO  org.hibernate.cfg.Environment Line:213 - HHH000206: hibernate.properties not found
===2019-10-15 10:29:01.092 INFO  org.hibernate.annotations.common.Version Line:49  - HCANN000001: Hibernate Commons Annotations {5.0.4.Final}
===2019-10-15 10:29:01.288 INFO  org.hibernate.dialect.Dialect Line:157 - HHH000400: Using dialect: org.hibernate.dialect.MySQL5Dialect
===2019-10-15 10:29:01.514 INFO  org.springframework.orm.jpa.LocalContainerEntityManagerFactoryBean Line:415 - Initialized JPA EntityManagerFactory for persistence unit 'default'
===2019-10-15 10:29:02.663 INFO  org.springframework.scheduling.concurrent.ThreadPoolTaskExecutor Line:171 - Initializing ExecutorService 'applicationTaskExecutor'
===2019-10-15 10:29:03.554 INFO  springfox.documentation.spring.web.plugins.DocumentationPluginsBootstrapper Line:80  - Context refreshed
===2019-10-15 10:29:03.573 INFO  springfox.documentation.spring.web.plugins.DocumentationPluginsBootstrapper Line:83  - Found {0} custom documentation plugin(s)
===2019-10-15 10:29:03.584 INFO  springfox.documentation.spring.web.scanners.ApiListingReferenceScanner Line:53  - Scanning for api listing references
===2019-10-15 10:29:03.588 INFO  springfox.documentation.swagger.web.ClassOrApiAnnotationResourceGrouping Line:100 - Group for method bindDeviceToModel was device-controller
===2019-10-15 10:29:03.591 INFO  springfox.documentation.spring.web.scanners.ApiListingReferenceScanner Line:72  - Request mapping: bindDeviceToModel belongs to groups: [[ResourceGroup{groupName='device-controller', position=0, controller=com.thingjs.soho.device.controller.DeviceController}]] 
===2019-10-15 10:29:03.592 INFO  springfox.documentation.swagger.web.ClassOrApiAnnotationResourceGrouping Line:100 - Group for method findDeviceByType was device-controller
===2019-10-15 10:29:03.592 INFO  springfox.documentation.spring.web.scanners.ApiListingReferenceScanner Line:72  - Request mapping: findDeviceByType belongs to groups: [[ResourceGroup{groupName='device-controller', position=0, controller=com.thingjs.soho.device.controller.DeviceController}]] 
===2019-10-15 10:29:03.592 INFO  springfox.documentation.swagger.web.ClassOrApiAnnotationResourceGrouping Line:100 - Group for method findDeviceDetailByModelId was device-controller
===2019-10-15 10:29:03.592 INFO  springfox.documentation.spring.web.scanners.ApiListingReferenceScanner Line:72  - Request mapping: findDeviceDetailByModelId belongs to groups: [[ResourceGroup{groupName='device-controller', position=0, controller=com.thingjs.soho.device.controller.DeviceController}]] 
===2019-10-15 10:29:03.593 INFO  springfox.documentation.swagger.web.ClassOrApiAnnotationResourceGrouping Line:100 - Group for method logError was device-controller
===2019-10-15 10:29:03.593 INFO  springfox.documentation.spring.web.scanners.ApiListingReferenceScanner Line:72  - Request mapping: logError belongs to groups: [[ResourceGroup{groupName='device-controller', position=0, controller=com.thingjs.soho.device.controller.DeviceController}]] 
===2019-10-15 10:29:03.597 INFO  springfox.documentation.spring.web.scanners.ApiListingReferenceScanner Line:84  - Created resource listing Path: /default/device-controller Description: device-controller Position: 0
===2019-10-15 10:29:03.625 INFO  springfox.documentation.schema.ModelContextKeyGenerator Line:46  - Cache Key Generated: com.thingjs.soho.common.Result(true)
===2019-10-15 10:29:03.625 INFO  springfox.documentation.spring.web.caching.CachingAspect Line:79  - Caching aspect applied for cache models with key com.thingjs.soho.common.Result(true)
===2019-10-15 10:29:03.635 INFO  springfox.documentation.schema.property.ModelPropertiesKeyGenerator Line:48  - Cache key generated: com.thingjs.soho.common.Result(true)
===2019-10-15 10:29:03.635 INFO  springfox.documentation.spring.web.caching.CachingAspect Line:68  - Caching aspect applied for cache modelProperties with key com.thingjs.soho.common.Result(true)
===2019-10-15 10:29:03.689 INFO  springfox.documentation.schema.ModelContextKeyGenerator Line:46  - Cache Key Generated: com.thingjs.soho.common.Result(true)
===2019-10-15 10:29:03.689 INFO  springfox.documentation.spring.web.caching.CachingAspect Line:79  - Caching aspect applied for cache modelDependencies with key com.thingjs.soho.common.Result(true)
===2019-10-15 10:29:03.692 INFO  springfox.documentation.schema.property.ModelPropertiesKeyGenerator Line:48  - Cache key generated: com.thingjs.soho.common.Result(true)
===2019-10-15 10:29:03.692 INFO  springfox.documentation.spring.web.caching.CachingAspect Line:68  - Caching aspect applied for cache modelProperties with key com.thingjs.soho.common.Result(true)
===2019-10-15 10:29:03.694 INFO  springfox.documentation.spring.web.OperationsKeyGenerator Line:51  - Cache key generated: /api/bindDeviceToModel.com.thingjs.soho.device.controller.DeviceController.bindDeviceToModel.DefaultGenericTypeNamingStrategy
===2019-10-15 10:29:03.694 INFO  springfox.documentation.spring.web.caching.CachingAspect Line:68  - Caching aspect applied for cache operations with key /api/bindDeviceToModel.com.thingjs.soho.device.controller.DeviceController.bindDeviceToModel.DefaultGenericTypeNamingStrategy
===2019-10-15 10:29:03.707 INFO  springfox.documentation.swagger.web.ClassOrApiAnnotationResourceGrouping Line:100 - Group for method bindDeviceToModel was device-controller
===2019-10-15 10:29:03.709 INFO  springfox.documentation.swagger.web.ClassOrApiAnnotationResourceGrouping Line:100 - Group for method bindDeviceToModel was device-controller
===2019-10-15 10:29:03.715 INFO  springfox.documentation.schema.ModelContextKeyGenerator Line:46  - Cache Key Generated: com.thingjs.soho.common.Result(true)
===2019-10-15 10:29:03.715 INFO  springfox.documentation.spring.web.caching.CachingAspect Line:79  - Caching aspect applied for cache models with key com.thingjs.soho.common.Result(true)
===2019-10-15 10:29:03.716 INFO  springfox.documentation.schema.ModelContextKeyGenerator Line:46  - Cache Key Generated: com.thingjs.soho.common.Result(true)
===2019-10-15 10:29:03.716 INFO  springfox.documentation.spring.web.caching.CachingAspect Line:79  - Caching aspect applied for cache modelDependencies with key com.thingjs.soho.common.Result(true)
===2019-10-15 10:29:03.716 INFO  springfox.documentation.spring.web.OperationsKeyGenerator Line:51  - Cache key generated: /api/findDeviceByType.com.thingjs.soho.device.controller.DeviceController.findDeviceByType.DefaultGenericTypeNamingStrategy
===2019-10-15 10:29:03.717 INFO  springfox.documentation.spring.web.caching.CachingAspect Line:68  - Caching aspect applied for cache operations with key /api/findDeviceByType.com.thingjs.soho.device.controller.DeviceController.findDeviceByType.DefaultGenericTypeNamingStrategy
===2019-10-15 10:29:03.718 INFO  springfox.documentation.swagger.web.ClassOrApiAnnotationResourceGrouping Line:100 - Group for method findDeviceByType was device-controller
===2019-10-15 10:29:03.719 INFO  springfox.documentation.swagger.web.ClassOrApiAnnotationResourceGrouping Line:100 - Group for method findDeviceByType was device-controller
===2019-10-15 10:29:03.720 INFO  springfox.documentation.schema.ModelContextKeyGenerator Line:46  - Cache Key Generated: com.thingjs.soho.common.Result(true)
===2019-10-15 10:29:03.720 INFO  springfox.documentation.spring.web.caching.CachingAspect Line:79  - Caching aspect applied for cache models with key com.thingjs.soho.common.Result(true)
===2019-10-15 10:29:03.720 INFO  springfox.documentation.schema.ModelContextKeyGenerator Line:46  - Cache Key Generated: com.thingjs.soho.common.Result(true)
===2019-10-15 10:29:03.720 INFO  springfox.documentation.spring.web.caching.CachingAspect Line:79  - Caching aspect applied for cache modelDependencies with key com.thingjs.soho.common.Result(true)
===2019-10-15 10:29:03.720 INFO  springfox.documentation.spring.web.OperationsKeyGenerator Line:51  - Cache key generated: /api/findDeviceDetailById.com.thingjs.soho.device.controller.DeviceController.findDeviceDetailByModelId.DefaultGenericTypeNamingStrategy
===2019-10-15 10:29:03.721 INFO  springfox.documentation.spring.web.caching.CachingAspect Line:68  - Caching aspect applied for cache operations with key /api/findDeviceDetailById.com.thingjs.soho.device.controller.DeviceController.findDeviceDetailByModelId.DefaultGenericTypeNamingStrategy
===2019-10-15 10:29:03.722 INFO  springfox.documentation.swagger.web.ClassOrApiAnnotationResourceGrouping Line:100 - Group for method findDeviceDetailByModelId was device-controller
===2019-10-15 10:29:03.722 INFO  springfox.documentation.swagger.web.ClassOrApiAnnotationResourceGrouping Line:100 - Group for method findDeviceDetailByModelId was device-controller
===2019-10-15 10:29:03.724 INFO  springfox.documentation.schema.ModelContextKeyGenerator Line:46  - Cache Key Generated: com.thingjs.soho.common.Result(true)
===2019-10-15 10:29:03.724 INFO  springfox.documentation.spring.web.caching.CachingAspect Line:79  - Caching aspect applied for cache models with key com.thingjs.soho.common.Result(true)
===2019-10-15 10:29:03.724 INFO  springfox.documentation.schema.ModelContextKeyGenerator Line:46  - Cache Key Generated: com.thingjs.soho.common.Result(true)
===2019-10-15 10:29:03.724 INFO  springfox.documentation.spring.web.caching.CachingAspect Line:79  - Caching aspect applied for cache modelDependencies with key com.thingjs.soho.common.Result(true)
===2019-10-15 10:29:03.724 INFO  springfox.documentation.spring.web.OperationsKeyGenerator Line:51  - Cache key generated: /api/logError.com.thingjs.soho.device.controller.DeviceController.logError.DefaultGenericTypeNamingStrategy
===2019-10-15 10:29:03.724 INFO  springfox.documentation.spring.web.caching.CachingAspect Line:68  - Caching aspect applied for cache operations with key /api/logError.com.thingjs.soho.device.controller.DeviceController.logError.DefaultGenericTypeNamingStrategy
===2019-10-15 10:29:03.725 INFO  springfox.documentation.swagger.web.ClassOrApiAnnotationResourceGrouping Line:100 - Group for method logError was device-controller
===2019-10-15 10:29:03.726 INFO  springfox.documentation.swagger.web.ClassOrApiAnnotationResourceGrouping Line:100 - Group for method logError was device-controller
===2019-10-15 10:29:03.750 INFO  org.apache.coyote.http11.Http11NioProtocol Line:173 - Starting ProtocolHandler ["http-nio-8080"]
===2019-10-15 10:29:03.791 INFO  org.springframework.boot.web.embedded.tomcat.TomcatWebServer Line:202 - Tomcat started on port(s): 8080 (http) with context path ''
===2019-10-15 10:29:03.795 INFO  com.thingjs.soho.SoHoApplication Line:59  - Started SoHoApplication in 6.677 seconds (JVM running for 7.837)
===2019-10-15 10:29:10.124 INFO  org.apache.catalina.core.ContainerBase.[Tomcat].[localhost].[/] Line:173 - Initializing Spring DispatcherServlet 'dispatcherServlet'
===2019-10-15 10:29:10.125 INFO  org.springframework.web.servlet.DispatcherServlet Line:524 - Initializing Servlet 'dispatcherServlet'
===2019-10-15 10:29:10.136 INFO  org.springframework.web.servlet.DispatcherServlet Line:546 - Completed initialization in 11 ms
===2019-10-15 10:29:10.278 INFO  com.thingjs.soho.config.WebLogAspect Line:46  - 前置通知
===2019-10-15 10:29:10.279 INFO  com.thingjs.soho.config.WebLogAspect Line:48  - ARGS : [28929]
===2019-10-15 10:29:36.180 INFO  com.thingjs.soho.config.WebLogAspect Line:55  - 代理的哪个方法：findDeviceDetailByModelId
===2019-10-15 10:29:36.966 INFO  com.thingjs.soho.config.WebLogAspect Line:56  - 代理的类全名：com.thingjs.soho.device.controller.DeviceController
===2019-10-15 10:29:36.966 INFO  com.thingjs.soho.config.WebLogAspect Line:58  - com.thingjs.soho.device.controller.DeviceController
===2019-10-15 10:29:37.074 INFO  com.thingjs.soho.config.WebLogAspect Line:86  - RESPONSE : Result(code=-1, msg=该设备不存在, data=null)
===2019-10-15 10:40:14.139 INFO  org.springframework.scheduling.concurrent.ThreadPoolTaskExecutor Line:208 - Shutting down ExecutorService 'applicationTaskExecutor'
===2019-10-15 10:40:14.141 INFO  org.springframework.orm.jpa.LocalContainerEntityManagerFactoryBean Line:597 - Closing JPA EntityManagerFactory for persistence unit 'default'
===2019-10-15 10:40:14.150 INFO  com.alibaba.druid.pool.DruidDataSource Line:1823 - {dataSource-1} closed
===2019-10-15 10:40:20.144 INFO  com.thingjs.soho.SoHoApplication Line:50  - Starting SoHoApplication on DESKTOP-LRSMUS4 with PID 4960 (E:\myProjects\springboot-learn\aop\target\classes started by uinnova in E:\myProjects\springboot-learn\aop)
===2019-10-15 10:40:20.144 INFO  com.thingjs.soho.SoHoApplication Line:650 - The following profiles are active: dev
===2019-10-15 10:40:21.231 INFO  org.springframework.data.repository.config.RepositoryConfigurationDelegate Line:126 - Bootstrapping Spring Data repositories in DEFAULT mode.
===2019-10-15 10:40:21.259 INFO  org.springframework.data.repository.config.RepositoryConfigurationDelegate Line:182 - Finished Spring Data repository scanning in 13ms. Found 0 repository interfaces.
===2019-10-15 10:40:21.696 INFO  org.springframework.context.support.PostProcessorRegistrationDelegate$BeanPostProcessorChecker Line:330 - Bean 'org.springframework.transaction.annotation.ProxyTransactionManagementConfiguration' of type [org.springframework.transaction.annotation.ProxyTransactionManagementConfiguration$$EnhancerBySpringCGLIB$$2264752a] is not eligible for getting processed by all BeanPostProcessors (for example: not eligible for auto-proxying)
===2019-10-15 10:40:21.851 INFO  org.springframework.context.support.PostProcessorRegistrationDelegate$BeanPostProcessorChecker Line:330 - Bean 'org.springframework.hateoas.config.HateoasConfiguration' of type [org.springframework.hateoas.config.HateoasConfiguration$$EnhancerBySpringCGLIB$$a1e4c25c] is not eligible for getting processed by all BeanPostProcessors (for example: not eligible for auto-proxying)
===2019-10-15 10:40:22.253 INFO  org.springframework.boot.web.embedded.tomcat.TomcatWebServer Line:90  - Tomcat initialized with port(s): 8080 (http)
===2019-10-15 10:40:22.267 INFO  org.apache.coyote.http11.Http11NioProtocol Line:173 - Initializing ProtocolHandler ["http-nio-8080"]
===2019-10-15 10:40:22.277 INFO  org.apache.catalina.core.StandardService Line:173 - Starting service [Tomcat]
===2019-10-15 10:40:22.278 INFO  org.apache.catalina.core.StandardEngine Line:173 - Starting Servlet engine: [Apache Tomcat/9.0.21]
===2019-10-15 10:40:22.458 INFO  org.apache.catalina.core.ContainerBase.[Tomcat].[localhost].[/] Line:173 - Initializing Spring embedded WebApplicationContext
===2019-10-15 10:40:22.459 INFO  org.springframework.web.context.ContextLoader Line:283 - Root WebApplicationContext: initialization completed in 2269 ms
===2019-10-15 10:40:22.591 INFO  com.alibaba.druid.spring.boot.autoconfigure.DruidDataSourceAutoConfigure Line:56  - Init DruidDataSource
===2019-10-15 10:40:22.902 INFO  com.alibaba.druid.pool.DruidDataSource Line:928 - {dataSource-1} inited
===2019-10-15 10:40:23.301 INFO  org.hibernate.Version Line:46  - HHH000412: Hibernate Core {5.3.10.Final}
===2019-10-15 10:40:23.302 INFO  org.hibernate.cfg.Environment Line:213 - HHH000206: hibernate.properties not found
===2019-10-15 10:40:23.477 INFO  org.hibernate.annotations.common.Version Line:49  - HCANN000001: Hibernate Commons Annotations {5.0.4.Final}
===2019-10-15 10:40:23.685 INFO  org.hibernate.dialect.Dialect Line:157 - HHH000400: Using dialect: org.hibernate.dialect.MySQL5Dialect
===2019-10-15 10:40:23.904 INFO  org.springframework.orm.jpa.LocalContainerEntityManagerFactoryBean Line:415 - Initialized JPA EntityManagerFactory for persistence unit 'default'
===2019-10-15 10:40:25.098 INFO  org.springframework.scheduling.concurrent.ThreadPoolTaskExecutor Line:171 - Initializing ExecutorService 'applicationTaskExecutor'
===2019-10-15 10:40:25.985 INFO  springfox.documentation.spring.web.plugins.DocumentationPluginsBootstrapper Line:80  - Context refreshed
===2019-10-15 10:40:26.002 INFO  springfox.documentation.spring.web.plugins.DocumentationPluginsBootstrapper Line:83  - Found {0} custom documentation plugin(s)
===2019-10-15 10:40:26.012 INFO  springfox.documentation.spring.web.scanners.ApiListingReferenceScanner Line:53  - Scanning for api listing references
===2019-10-15 10:40:26.016 INFO  springfox.documentation.swagger.web.ClassOrApiAnnotationResourceGrouping Line:100 - Group for method bindDeviceToModel was device-controller
===2019-10-15 10:40:26.019 INFO  springfox.documentation.spring.web.scanners.ApiListingReferenceScanner Line:72  - Request mapping: bindDeviceToModel belongs to groups: [[ResourceGroup{groupName='device-controller', position=0, controller=com.thingjs.soho.device.controller.DeviceController}]] 
===2019-10-15 10:40:26.021 INFO  springfox.documentation.swagger.web.ClassOrApiAnnotationResourceGrouping Line:100 - Group for method findDeviceByType was device-controller
===2019-10-15 10:40:26.021 INFO  springfox.documentation.spring.web.scanners.ApiListingReferenceScanner Line:72  - Request mapping: findDeviceByType belongs to groups: [[ResourceGroup{groupName='device-controller', position=0, controller=com.thingjs.soho.device.controller.DeviceController}]] 
===2019-10-15 10:40:26.022 INFO  springfox.documentation.swagger.web.ClassOrApiAnnotationResourceGrouping Line:100 - Group for method findDeviceDetailByModelId was device-controller
===2019-10-15 10:40:26.022 INFO  springfox.documentation.spring.web.scanners.ApiListingReferenceScanner Line:72  - Request mapping: findDeviceDetailByModelId belongs to groups: [[ResourceGroup{groupName='device-controller', position=0, controller=com.thingjs.soho.device.controller.DeviceController}]] 
===2019-10-15 10:40:26.023 INFO  springfox.documentation.swagger.web.ClassOrApiAnnotationResourceGrouping Line:100 - Group for method logError was device-controller
===2019-10-15 10:40:26.023 INFO  springfox.documentation.spring.web.scanners.ApiListingReferenceScanner Line:72  - Request mapping: logError belongs to groups: [[ResourceGroup{groupName='device-controller', position=0, controller=com.thingjs.soho.device.controller.DeviceController}]] 
===2019-10-15 10:40:26.030 INFO  springfox.documentation.spring.web.scanners.ApiListingReferenceScanner Line:84  - Created resource listing Path: /default/device-controller Description: device-controller Position: 0
===2019-10-15 10:40:26.062 INFO  springfox.documentation.schema.ModelContextKeyGenerator Line:46  - Cache Key Generated: com.thingjs.soho.common.Result(true)
===2019-10-15 10:40:26.063 INFO  springfox.documentation.spring.web.caching.CachingAspect Line:79  - Caching aspect applied for cache models with key com.thingjs.soho.common.Result(true)
===2019-10-15 10:40:26.069 INFO  springfox.documentation.schema.property.ModelPropertiesKeyGenerator Line:48  - Cache key generated: com.thingjs.soho.common.Result(true)
===2019-10-15 10:40:26.069 INFO  springfox.documentation.spring.web.caching.CachingAspect Line:68  - Caching aspect applied for cache modelProperties with key com.thingjs.soho.common.Result(true)
===2019-10-15 10:40:26.114 INFO  springfox.documentation.schema.ModelContextKeyGenerator Line:46  - Cache Key Generated: com.thingjs.soho.common.Result(true)
===2019-10-15 10:40:26.114 INFO  springfox.documentation.spring.web.caching.CachingAspect Line:79  - Caching aspect applied for cache modelDependencies with key com.thingjs.soho.common.Result(true)
===2019-10-15 10:40:26.134 INFO  springfox.documentation.schema.property.ModelPropertiesKeyGenerator Line:48  - Cache key generated: com.thingjs.soho.common.Result(true)
===2019-10-15 10:40:26.135 INFO  springfox.documentation.spring.web.caching.CachingAspect Line:68  - Caching aspect applied for cache modelProperties with key com.thingjs.soho.common.Result(true)
===2019-10-15 10:40:26.138 INFO  springfox.documentation.spring.web.OperationsKeyGenerator Line:51  - Cache key generated: /api/bindDeviceToModel.com.thingjs.soho.device.controller.DeviceController.bindDeviceToModel.DefaultGenericTypeNamingStrategy
===2019-10-15 10:40:26.138 INFO  springfox.documentation.spring.web.caching.CachingAspect Line:68  - Caching aspect applied for cache operations with key /api/bindDeviceToModel.com.thingjs.soho.device.controller.DeviceController.bindDeviceToModel.DefaultGenericTypeNamingStrategy
===2019-10-15 10:40:26.152 INFO  springfox.documentation.swagger.web.ClassOrApiAnnotationResourceGrouping Line:100 - Group for method bindDeviceToModel was device-controller
===2019-10-15 10:40:26.155 INFO  springfox.documentation.swagger.web.ClassOrApiAnnotationResourceGrouping Line:100 - Group for method bindDeviceToModel was device-controller
===2019-10-15 10:40:26.162 INFO  springfox.documentation.schema.ModelContextKeyGenerator Line:46  - Cache Key Generated: com.thingjs.soho.common.Result(true)
===2019-10-15 10:40:26.163 INFO  springfox.documentation.spring.web.caching.CachingAspect Line:79  - Caching aspect applied for cache models with key com.thingjs.soho.common.Result(true)
===2019-10-15 10:40:26.163 INFO  springfox.documentation.schema.ModelContextKeyGenerator Line:46  - Cache Key Generated: com.thingjs.soho.common.Result(true)
===2019-10-15 10:40:26.163 INFO  springfox.documentation.spring.web.caching.CachingAspect Line:79  - Caching aspect applied for cache modelDependencies with key com.thingjs.soho.common.Result(true)
===2019-10-15 10:40:26.164 INFO  springfox.documentation.spring.web.OperationsKeyGenerator Line:51  - Cache key generated: /api/findDeviceByType.com.thingjs.soho.device.controller.DeviceController.findDeviceByType.DefaultGenericTypeNamingStrategy
===2019-10-15 10:40:26.164 INFO  springfox.documentation.spring.web.caching.CachingAspect Line:68  - Caching aspect applied for cache operations with key /api/findDeviceByType.com.thingjs.soho.device.controller.DeviceController.findDeviceByType.DefaultGenericTypeNamingStrategy
===2019-10-15 10:40:26.165 INFO  springfox.documentation.swagger.web.ClassOrApiAnnotationResourceGrouping Line:100 - Group for method findDeviceByType was device-controller
===2019-10-15 10:40:26.166 INFO  springfox.documentation.swagger.web.ClassOrApiAnnotationResourceGrouping Line:100 - Group for method findDeviceByType was device-controller
===2019-10-15 10:40:26.167 INFO  springfox.documentation.schema.ModelContextKeyGenerator Line:46  - Cache Key Generated: com.thingjs.soho.common.Result(true)
===2019-10-15 10:40:26.167 INFO  springfox.documentation.spring.web.caching.CachingAspect Line:79  - Caching aspect applied for cache models with key com.thingjs.soho.common.Result(true)
===2019-10-15 10:40:26.168 INFO  springfox.documentation.schema.ModelContextKeyGenerator Line:46  - Cache Key Generated: com.thingjs.soho.common.Result(true)
===2019-10-15 10:40:26.168 INFO  springfox.documentation.spring.web.caching.CachingAspect Line:79  - Caching aspect applied for cache modelDependencies with key com.thingjs.soho.common.Result(true)
===2019-10-15 10:40:26.168 INFO  springfox.documentation.spring.web.OperationsKeyGenerator Line:51  - Cache key generated: /api/findDeviceDetailById.com.thingjs.soho.device.controller.DeviceController.findDeviceDetailByModelId.DefaultGenericTypeNamingStrategy
===2019-10-15 10:40:26.168 INFO  springfox.documentation.spring.web.caching.CachingAspect Line:68  - Caching aspect applied for cache operations with key /api/findDeviceDetailById.com.thingjs.soho.device.controller.DeviceController.findDeviceDetailByModelId.DefaultGenericTypeNamingStrategy
===2019-10-15 10:40:26.169 INFO  springfox.documentation.swagger.web.ClassOrApiAnnotationResourceGrouping Line:100 - Group for method findDeviceDetailByModelId was device-controller
===2019-10-15 10:40:26.170 INFO  springfox.documentation.swagger.web.ClassOrApiAnnotationResourceGrouping Line:100 - Group for method findDeviceDetailByModelId was device-controller
===2019-10-15 10:40:26.171 INFO  springfox.documentation.schema.ModelContextKeyGenerator Line:46  - Cache Key Generated: com.thingjs.soho.common.Result(true)
===2019-10-15 10:40:26.171 INFO  springfox.documentation.spring.web.caching.CachingAspect Line:79  - Caching aspect applied for cache models with key com.thingjs.soho.common.Result(true)
===2019-10-15 10:40:26.171 INFO  springfox.documentation.schema.ModelContextKeyGenerator Line:46  - Cache Key Generated: com.thingjs.soho.common.Result(true)
===2019-10-15 10:40:26.172 INFO  springfox.documentation.spring.web.caching.CachingAspect Line:79  - Caching aspect applied for cache modelDependencies with key com.thingjs.soho.common.Result(true)
===2019-10-15 10:40:26.172 INFO  springfox.documentation.spring.web.OperationsKeyGenerator Line:51  - Cache key generated: /api/logError.com.thingjs.soho.device.controller.DeviceController.logError.DefaultGenericTypeNamingStrategy
===2019-10-15 10:40:26.172 INFO  springfox.documentation.spring.web.caching.CachingAspect Line:68  - Caching aspect applied for cache operations with key /api/logError.com.thingjs.soho.device.controller.DeviceController.logError.DefaultGenericTypeNamingStrategy
===2019-10-15 10:40:26.173 INFO  springfox.documentation.swagger.web.ClassOrApiAnnotationResourceGrouping Line:100 - Group for method logError was device-controller
===2019-10-15 10:40:26.173 INFO  springfox.documentation.swagger.web.ClassOrApiAnnotationResourceGrouping Line:100 - Group for method logError was device-controller
===2019-10-15 10:40:26.198 INFO  org.apache.coyote.http11.Http11NioProtocol Line:173 - Starting ProtocolHandler ["http-nio-8080"]
===2019-10-15 10:40:26.224 INFO  org.springframework.boot.web.embedded.tomcat.TomcatWebServer Line:202 - Tomcat started on port(s): 8080 (http) with context path ''
===2019-10-15 10:40:26.228 INFO  com.thingjs.soho.SoHoApplication Line:59  - Started SoHoApplication in 6.654 seconds (JVM running for 7.843)
===2019-10-15 10:40:30.667 INFO  org.apache.catalina.core.ContainerBase.[Tomcat].[localhost].[/] Line:173 - Initializing Spring DispatcherServlet 'dispatcherServlet'
===2019-10-15 10:40:30.667 INFO  org.springframework.web.servlet.DispatcherServlet Line:524 - Initializing Servlet 'dispatcherServlet'
===2019-10-15 10:40:30.680 INFO  org.springframework.web.servlet.DispatcherServlet Line:546 - Completed initialization in 12 ms
===2019-10-15 10:40:30.801 INFO  com.thingjs.soho.config.WebLogAspect Line:52  - 前置通知
===2019-10-15 10:40:30.801 INFO  com.thingjs.soho.config.WebLogAspect Line:54  - ARGS : [28929]
===2019-10-15 10:40:34.640 INFO  com.thingjs.soho.config.WebLogAspect Line:61  - 代理的哪个方法：findDeviceDetailByModelId
===2019-10-15 10:40:34.641 INFO  com.thingjs.soho.config.WebLogAspect Line:62  - 代理的类全名：com.thingjs.soho.device.controller.DeviceController
===2019-10-15 10:40:34.641 INFO  com.thingjs.soho.config.WebLogAspect Line:65  - com.thingjs.soho.device.controller.DeviceController
===2019-10-15 10:40:34.698 INFO  com.thingjs.soho.config.WebLogAspect Line:79  - 请求的参数为：{"modelId":"28929"}
===2019-10-15 10:40:34.700 INFO  com.thingjs.soho.config.WebLogAspect Line:82  - 请求的参数_2为：{"modelId":["28929"]}
===2019-10-15 10:40:34.802 INFO  com.thingjs.soho.config.WebLogAspect Line:113 - RESPONSE : Result(code=-1, msg=该设备不存在, data=null)
===2019-10-15 10:55:43.934 INFO  org.springframework.scheduling.concurrent.ThreadPoolTaskExecutor Line:208 - Shutting down ExecutorService 'applicationTaskExecutor'
===2019-10-15 10:55:43.937 INFO  org.springframework.orm.jpa.LocalContainerEntityManagerFactoryBean Line:597 - Closing JPA EntityManagerFactory for persistence unit 'default'
===2019-10-15 10:55:43.949 INFO  com.alibaba.druid.pool.DruidDataSource Line:1823 - {dataSource-1} closed
===2019-10-15 10:55:50.137 INFO  com.thingjs.soho.SoHoApplication Line:50  - Starting SoHoApplication on DESKTOP-LRSMUS4 with PID 12600 (E:\myProjects\springboot-learn\aop\target\classes started by uinnova in E:\myProjects\springboot-learn\aop)
===2019-10-15 10:55:50.137 INFO  com.thingjs.soho.SoHoApplication Line:650 - The following profiles are active: dev
===2019-10-15 10:55:51.212 INFO  org.springframework.data.repository.config.RepositoryConfigurationDelegate Line:126 - Bootstrapping Spring Data repositories in DEFAULT mode.
===2019-10-15 10:55:51.240 INFO  org.springframework.data.repository.config.RepositoryConfigurationDelegate Line:182 - Finished Spring Data repository scanning in 13ms. Found 0 repository interfaces.
===2019-10-15 10:55:51.657 INFO  org.springframework.context.support.PostProcessorRegistrationDelegate$BeanPostProcessorChecker Line:330 - Bean 'org.springframework.transaction.annotation.ProxyTransactionManagementConfiguration' of type [org.springframework.transaction.annotation.ProxyTransactionManagementConfiguration$$EnhancerBySpringCGLIB$$63c0ae2d] is not eligible for getting processed by all BeanPostProcessors (for example: not eligible for auto-proxying)
===2019-10-15 10:55:51.809 INFO  org.springframework.context.support.PostProcessorRegistrationDelegate$BeanPostProcessorChecker Line:330 - Bean 'org.springframework.hateoas.config.HateoasConfiguration' of type [org.springframework.hateoas.config.HateoasConfiguration$$EnhancerBySpringCGLIB$$e340fb5f] is not eligible for getting processed by all BeanPostProcessors (for example: not eligible for auto-proxying)
===2019-10-15 10:55:52.201 INFO  org.springframework.boot.web.embedded.tomcat.TomcatWebServer Line:90  - Tomcat initialized with port(s): 8080 (http)
===2019-10-15 10:55:52.215 INFO  org.apache.coyote.http11.Http11NioProtocol Line:173 - Initializing ProtocolHandler ["http-nio-8080"]
===2019-10-15 10:55:52.225 INFO  org.apache.catalina.core.StandardService Line:173 - Starting service [Tomcat]
===2019-10-15 10:55:52.225 INFO  org.apache.catalina.core.StandardEngine Line:173 - Starting Servlet engine: [Apache Tomcat/9.0.21]
===2019-10-15 10:55:52.403 INFO  org.apache.catalina.core.ContainerBase.[Tomcat].[localhost].[/] Line:173 - Initializing Spring embedded WebApplicationContext
===2019-10-15 10:55:52.404 INFO  org.springframework.web.context.ContextLoader Line:283 - Root WebApplicationContext: initialization completed in 2222 ms
===2019-10-15 10:55:52.535 INFO  com.alibaba.druid.spring.boot.autoconfigure.DruidDataSourceAutoConfigure Line:56  - Init DruidDataSource
===2019-10-15 10:55:52.848 INFO  com.alibaba.druid.pool.DruidDataSource Line:928 - {dataSource-1} inited
===2019-10-15 10:55:53.235 INFO  org.hibernate.Version Line:46  - HHH000412: Hibernate Core {5.3.10.Final}
===2019-10-15 10:55:53.237 INFO  org.hibernate.cfg.Environment Line:213 - HHH000206: hibernate.properties not found
===2019-10-15 10:55:53.405 INFO  org.hibernate.annotations.common.Version Line:49  - HCANN000001: Hibernate Commons Annotations {5.0.4.Final}
===2019-10-15 10:55:53.607 INFO  org.hibernate.dialect.Dialect Line:157 - HHH000400: Using dialect: org.hibernate.dialect.MySQL5Dialect
===2019-10-15 10:55:53.819 INFO  org.springframework.orm.jpa.LocalContainerEntityManagerFactoryBean Line:415 - Initialized JPA EntityManagerFactory for persistence unit 'default'
===2019-10-15 10:55:55.001 INFO  org.springframework.scheduling.concurrent.ThreadPoolTaskExecutor Line:171 - Initializing ExecutorService 'applicationTaskExecutor'
===2019-10-15 10:55:55.885 INFO  springfox.documentation.spring.web.plugins.DocumentationPluginsBootstrapper Line:80  - Context refreshed
===2019-10-15 10:55:55.903 INFO  springfox.documentation.spring.web.plugins.DocumentationPluginsBootstrapper Line:83  - Found {0} custom documentation plugin(s)
===2019-10-15 10:55:55.931 INFO  springfox.documentation.spring.web.scanners.ApiListingReferenceScanner Line:53  - Scanning for api listing references
===2019-10-15 10:55:55.935 INFO  springfox.documentation.swagger.web.ClassOrApiAnnotationResourceGrouping Line:100 - Group for method bindDeviceToModel was device-controller
===2019-10-15 10:55:55.938 INFO  springfox.documentation.spring.web.scanners.ApiListingReferenceScanner Line:72  - Request mapping: bindDeviceToModel belongs to groups: [[ResourceGroup{groupName='device-controller', position=0, controller=com.thingjs.soho.device.controller.DeviceController}]] 
===2019-10-15 10:55:55.939 INFO  springfox.documentation.swagger.web.ClassOrApiAnnotationResourceGrouping Line:100 - Group for method findDeviceByType was device-controller
===2019-10-15 10:55:55.939 INFO  springfox.documentation.spring.web.scanners.ApiListingReferenceScanner Line:72  - Request mapping: findDeviceByType belongs to groups: [[ResourceGroup{groupName='device-controller', position=0, controller=com.thingjs.soho.device.controller.DeviceController}]] 
===2019-10-15 10:55:55.939 INFO  springfox.documentation.swagger.web.ClassOrApiAnnotationResourceGrouping Line:100 - Group for method findDeviceDetailByModelId was device-controller
===2019-10-15 10:55:55.940 INFO  springfox.documentation.spring.web.scanners.ApiListingReferenceScanner Line:72  - Request mapping: findDeviceDetailByModelId belongs to groups: [[ResourceGroup{groupName='device-controller', position=0, controller=com.thingjs.soho.device.controller.DeviceController}]] 
===2019-10-15 10:55:55.940 INFO  springfox.documentation.swagger.web.ClassOrApiAnnotationResourceGrouping Line:100 - Group for method logError was device-controller
===2019-10-15 10:55:55.940 INFO  springfox.documentation.spring.web.scanners.ApiListingReferenceScanner Line:72  - Request mapping: logError belongs to groups: [[ResourceGroup{groupName='device-controller', position=0, controller=com.thingjs.soho.device.controller.DeviceController}]] 
===2019-10-15 10:55:55.944 INFO  springfox.documentation.spring.web.scanners.ApiListingReferenceScanner Line:84  - Created resource listing Path: /default/device-controller Description: device-controller Position: 0
===2019-10-15 10:55:55.966 INFO  springfox.documentation.schema.ModelContextKeyGenerator Line:46  - Cache Key Generated: com.thingjs.soho.common.Result(true)
===2019-10-15 10:55:55.967 INFO  springfox.documentation.spring.web.caching.CachingAspect Line:79  - Caching aspect applied for cache models with key com.thingjs.soho.common.Result(true)
===2019-10-15 10:55:55.972 INFO  springfox.documentation.schema.property.ModelPropertiesKeyGenerator Line:48  - Cache key generated: com.thingjs.soho.common.Result(true)
===2019-10-15 10:55:55.972 INFO  springfox.documentation.spring.web.caching.CachingAspect Line:68  - Caching aspect applied for cache modelProperties with key com.thingjs.soho.common.Result(true)
===2019-10-15 10:55:56.008 INFO  springfox.documentation.schema.ModelContextKeyGenerator Line:46  - Cache Key Generated: com.thingjs.soho.common.Result(true)
===2019-10-15 10:55:56.008 INFO  springfox.documentation.spring.web.caching.CachingAspect Line:79  - Caching aspect applied for cache modelDependencies with key com.thingjs.soho.common.Result(true)
===2019-10-15 10:55:56.010 INFO  springfox.documentation.schema.property.ModelPropertiesKeyGenerator Line:48  - Cache key generated: com.thingjs.soho.common.Result(true)
===2019-10-15 10:55:56.010 INFO  springfox.documentation.spring.web.caching.CachingAspect Line:68  - Caching aspect applied for cache modelProperties with key com.thingjs.soho.common.Result(true)
===2019-10-15 10:55:56.013 INFO  springfox.documentation.spring.web.OperationsKeyGenerator Line:51  - Cache key generated: /api/bindDeviceToModel.com.thingjs.soho.device.controller.DeviceController.bindDeviceToModel.DefaultGenericTypeNamingStrategy
===2019-10-15 10:55:56.013 INFO  springfox.documentation.spring.web.caching.CachingAspect Line:68  - Caching aspect applied for cache operations with key /api/bindDeviceToModel.com.thingjs.soho.device.controller.DeviceController.bindDeviceToModel.DefaultGenericTypeNamingStrategy
===2019-10-15 10:55:56.025 INFO  springfox.documentation.swagger.web.ClassOrApiAnnotationResourceGrouping Line:100 - Group for method bindDeviceToModel was device-controller
===2019-10-15 10:55:56.028 INFO  springfox.documentation.swagger.web.ClassOrApiAnnotationResourceGrouping Line:100 - Group for method bindDeviceToModel was device-controller
===2019-10-15 10:55:56.034 INFO  springfox.documentation.schema.ModelContextKeyGenerator Line:46  - Cache Key Generated: com.thingjs.soho.common.Result(true)
===2019-10-15 10:55:56.034 INFO  springfox.documentation.spring.web.caching.CachingAspect Line:79  - Caching aspect applied for cache models with key com.thingjs.soho.common.Result(true)
===2019-10-15 10:55:56.034 INFO  springfox.documentation.schema.ModelContextKeyGenerator Line:46  - Cache Key Generated: com.thingjs.soho.common.Result(true)
===2019-10-15 10:55:56.034 INFO  springfox.documentation.spring.web.caching.CachingAspect Line:79  - Caching aspect applied for cache modelDependencies with key com.thingjs.soho.common.Result(true)
===2019-10-15 10:55:56.035 INFO  springfox.documentation.spring.web.OperationsKeyGenerator Line:51  - Cache key generated: /api/findDeviceByType.com.thingjs.soho.device.controller.DeviceController.findDeviceByType.DefaultGenericTypeNamingStrategy
===2019-10-15 10:55:56.035 INFO  springfox.documentation.spring.web.caching.CachingAspect Line:68  - Caching aspect applied for cache operations with key /api/findDeviceByType.com.thingjs.soho.device.controller.DeviceController.findDeviceByType.DefaultGenericTypeNamingStrategy
===2019-10-15 10:55:56.036 INFO  springfox.documentation.swagger.web.ClassOrApiAnnotationResourceGrouping Line:100 - Group for method findDeviceByType was device-controller
===2019-10-15 10:55:56.037 INFO  springfox.documentation.swagger.web.ClassOrApiAnnotationResourceGrouping Line:100 - Group for method findDeviceByType was device-controller
===2019-10-15 10:55:56.038 INFO  springfox.documentation.schema.ModelContextKeyGenerator Line:46  - Cache Key Generated: com.thingjs.soho.common.Result(true)
===2019-10-15 10:55:56.038 INFO  springfox.documentation.spring.web.caching.CachingAspect Line:79  - Caching aspect applied for cache models with key com.thingjs.soho.common.Result(true)
===2019-10-15 10:55:56.039 INFO  springfox.documentation.schema.ModelContextKeyGenerator Line:46  - Cache Key Generated: com.thingjs.soho.common.Result(true)
===2019-10-15 10:55:56.039 INFO  springfox.documentation.spring.web.caching.CachingAspect Line:79  - Caching aspect applied for cache modelDependencies with key com.thingjs.soho.common.Result(true)
===2019-10-15 10:55:56.039 INFO  springfox.documentation.spring.web.OperationsKeyGenerator Line:51  - Cache key generated: /api/findDeviceDetailById.com.thingjs.soho.device.controller.DeviceController.findDeviceDetailByModelId.DefaultGenericTypeNamingStrategy
===2019-10-15 10:55:56.039 INFO  springfox.documentation.spring.web.caching.CachingAspect Line:68  - Caching aspect applied for cache operations with key /api/findDeviceDetailById.com.thingjs.soho.device.controller.DeviceController.findDeviceDetailByModelId.DefaultGenericTypeNamingStrategy
===2019-10-15 10:55:56.040 INFO  springfox.documentation.swagger.web.ClassOrApiAnnotationResourceGrouping Line:100 - Group for method findDeviceDetailByModelId was device-controller
===2019-10-15 10:55:56.041 INFO  springfox.documentation.swagger.web.ClassOrApiAnnotationResourceGrouping Line:100 - Group for method findDeviceDetailByModelId was device-controller
===2019-10-15 10:55:56.042 INFO  springfox.documentation.schema.ModelContextKeyGenerator Line:46  - Cache Key Generated: com.thingjs.soho.common.Result(true)
===2019-10-15 10:55:56.042 INFO  springfox.documentation.spring.web.caching.CachingAspect Line:79  - Caching aspect applied for cache models with key com.thingjs.soho.common.Result(true)
===2019-10-15 10:55:56.043 INFO  springfox.documentation.schema.ModelContextKeyGenerator Line:46  - Cache Key Generated: com.thingjs.soho.common.Result(true)
===2019-10-15 10:55:56.043 INFO  springfox.documentation.spring.web.caching.CachingAspect Line:79  - Caching aspect applied for cache modelDependencies with key com.thingjs.soho.common.Result(true)
===2019-10-15 10:55:56.043 INFO  springfox.documentation.spring.web.OperationsKeyGenerator Line:51  - Cache key generated: /api/logError.com.thingjs.soho.device.controller.DeviceController.logError.DefaultGenericTypeNamingStrategy
===2019-10-15 10:55:56.043 INFO  springfox.documentation.spring.web.caching.CachingAspect Line:68  - Caching aspect applied for cache operations with key /api/logError.com.thingjs.soho.device.controller.DeviceController.logError.DefaultGenericTypeNamingStrategy
===2019-10-15 10:55:56.044 INFO  springfox.documentation.swagger.web.ClassOrApiAnnotationResourceGrouping Line:100 - Group for method logError was device-controller
===2019-10-15 10:55:56.045 INFO  springfox.documentation.swagger.web.ClassOrApiAnnotationResourceGrouping Line:100 - Group for method logError was device-controller
===2019-10-15 10:55:56.088 INFO  org.apache.coyote.http11.Http11NioProtocol Line:173 - Starting ProtocolHandler ["http-nio-8080"]
===2019-10-15 10:55:56.118 INFO  org.springframework.boot.web.embedded.tomcat.TomcatWebServer Line:202 - Tomcat started on port(s): 8080 (http) with context path ''
===2019-10-15 10:55:56.122 INFO  com.thingjs.soho.SoHoApplication Line:59  - Started SoHoApplication in 6.556 seconds (JVM running for 7.706)
===2019-10-15 10:56:06.012 INFO  org.apache.catalina.core.ContainerBase.[Tomcat].[localhost].[/] Line:173 - Initializing Spring DispatcherServlet 'dispatcherServlet'
===2019-10-15 10:56:06.013 INFO  org.springframework.web.servlet.DispatcherServlet Line:524 - Initializing Servlet 'dispatcherServlet'
===2019-10-15 10:56:06.027 INFO  org.springframework.web.servlet.DispatcherServlet Line:546 - Completed initialization in 14 ms
===2019-10-15 10:56:06.153 INFO  com.thingjs.soho.config.WebLogAspect Line:56  - 前置通知
===2019-10-15 10:56:06.154 INFO  com.thingjs.soho.config.WebLogAspect Line:58  - ARGS : [28929]
===2019-10-15 10:56:06.154 INFO  com.thingjs.soho.config.WebLogAspect Line:65  - 代理的哪个方法：findDeviceDetailByModelId
===2019-10-15 10:56:06.154 INFO  com.thingjs.soho.config.WebLogAspect Line:66  - 代理的类全名：com.thingjs.soho.device.controller.DeviceController
===2019-10-15 10:56:06.154 INFO  com.thingjs.soho.config.WebLogAspect Line:69  - com.thingjs.soho.device.controller.DeviceController
===2019-10-15 10:56:06.214 INFO  com.thingjs.soho.config.WebLogAspect Line:83  - 请求的参数为：{"modelId":"28929"}
===2019-10-15 10:56:06.217 INFO  com.thingjs.soho.config.WebLogAspect Line:86  - 请求的参数_2为：{"modelId":["28929"]}
===2019-10-15 10:56:06.314 INFO  com.thingjs.soho.config.WebLogAspect Line:94  - 第一个后置返回通知返回的结果：Result(code=-1, msg=该设备不存在, data=null)
===2019-10-15 10:58:59.702 INFO  org.springframework.scheduling.concurrent.ThreadPoolTaskExecutor Line:208 - Shutting down ExecutorService 'applicationTaskExecutor'
===2019-10-15 10:58:59.705 INFO  org.springframework.orm.jpa.LocalContainerEntityManagerFactoryBean Line:597 - Closing JPA EntityManagerFactory for persistence unit 'default'
===2019-10-15 10:58:59.715 INFO  com.alibaba.druid.pool.DruidDataSource Line:1823 - {dataSource-1} closed
